[2023-03-07T16:34:37.103] [INFO] handleLogger - 
***************info log start ***************
handle info detail: 
"执行dao发生异常"
*************** info log end ***************

[2023-03-07T16:37:15.087] [INFO] handleLogger - 
***************info log start ***************
handle info detail: 
"执行dao发生异常"
*************** info log end ***************

[2023-03-07T16:38:15.031] [INFO] handleLogger - 
***************info log start ***************
handle info detail: 
"执行dao发生异常"
*************** info log end ***************

[2023-03-07T16:39:36.413] [INFO] handleLogger - 
***************info log start ***************
handle info detail: 
"执行dao发生异常"
*************** info log end ***************

[2023-03-07T16:40:18.265] [INFO] handleLogger - 
***************info log start ***************
handle info detail: 
"执行dao发生异常"
*************** info log end ***************

